<?xml version="1.0" encoding="UTF-8"?>
<!-- Generated by org.testng.reporters.JUnitReportReporter -->
<testsuite hostname="LAPTOP-IOBH2A9H" failures="0" tests="1" name="com.corejava.Test004" time="0.009" errors="0" timestamp="2023-01-03T20:28:27 IST" skipped="0">
  <testcase classname="com.corejava.Test004" name="getURL" time="0.009"/>
  <system-out/>
</testsuite> <!-- com.corejava.Test004 -->
